{"C:\\Users\\HomePC\\TaskForgeProject\\task-manager-backend\\controllers\\tasks.js": {"path":"C:\\Users\\HomePC\\TaskForgeProject\\task-manager-backend\\controllers\\tasks.js","statementMap":{"0":{"start":{"line":1,"column":13},"end":{"line":1,"column":38}},"1":{"start":{"line":4,"column":21},"end":{"line":5,"column":49}},"2":{"start":{"line":4,"column":29},"end":{"line":5,"column":49}},"3":{"start":{"line":5,"column":2},"end":{"line":5,"column":49}},"4":{"start":{"line":10,"column":17},"end":{"line":31,"column":2}},"5":{"start":{"line":11,"column":29},"end":{"line":11,"column":38}},"6":{"start":{"line":12,"column":15},"end":{"line":12,"column":37}},"7":{"start":{"line":14,"column":2},"end":{"line":16,"column":3}},"8":{"start":{"line":15,"column":4},"end":{"line":15,"column":27}},"9":{"start":{"line":18,"column":2},"end":{"line":24,"column":3}},"10":{"start":{"line":20,"column":4},"end":{"line":23,"column":6}},"11":{"start":{"line":26,"column":16},"end":{"line":28,"column":4}},"12":{"start":{"line":30,"column":2},"end":{"line":30,"column":18}},"13":{"start":{"line":37,"column":19},"end":{"line":56,"column":2}},"14":{"start":{"line":38,"column":50},"end":{"line":38,"column":58}},"15":{"start":{"line":40,"column":2},"end":{"line":43,"column":3}},"16":{"start":{"line":41,"column":4},"end":{"line":41,"column":20}},"17":{"start":{"line":42,"column":4},"end":{"line":42,"column":41}},"18":{"start":{"line":45,"column":18},"end":{"line":51,"column":4}},"19":{"start":{"line":53,"column":15},"end":{"line":53,"column":35}},"20":{"start":{"line":55,"column":2},"end":{"line":55,"column":29}},"21":{"start":{"line":61,"column":19},"end":{"line":86,"column":2}},"22":{"start":{"line":62,"column":50},"end":{"line":62,"column":58}},"23":{"start":{"line":64,"column":13},"end":{"line":64,"column":47}},"24":{"start":{"line":66,"column":2},"end":{"line":69,"column":3}},"25":{"start":{"line":67,"column":4},"end":{"line":67,"column":20}},"26":{"start":{"line":68,"column":4},"end":{"line":68,"column":38}},"27":{"start":{"line":72,"column":2},"end":{"line":75,"column":3}},"28":{"start":{"line":73,"column":4},"end":{"line":73,"column":20}},"29":{"start":{"line":74,"column":4},"end":{"line":74,"column":58}},"30":{"start":{"line":77,"column":2},"end":{"line":77,"column":35}},"31":{"start":{"line":78,"column":2},"end":{"line":78,"column":53}},"32":{"start":{"line":79,"column":2},"end":{"line":79,"column":41}},"33":{"start":{"line":80,"column":2},"end":{"line":80,"column":38}},"34":{"start":{"line":82,"column":22},"end":{"line":82,"column":39}},"35":{"start":{"line":85,"column":2},"end":{"line":85,"column":36}},"36":{"start":{"line":91,"column":19},"end":{"line":110,"column":2}},"37":{"start":{"line":92,"column":15},"end":{"line":92,"column":49}},"38":{"start":{"line":94,"column":2},"end":{"line":97,"column":3}},"39":{"start":{"line":95,"column":4},"end":{"line":95,"column":20}},"40":{"start":{"line":96,"column":4},"end":{"line":96,"column":38}},"41":{"start":{"line":100,"column":2},"end":{"line":103,"column":3}},"42":{"start":{"line":101,"column":4},"end":{"line":101,"column":20}},"43":{"start":{"line":102,"column":4},"end":{"line":102,"column":58}},"44":{"start":{"line":106,"column":2},"end":{"line":106,"column":47}},"45":{"start":{"line":109,"column":2},"end":{"line":109,"column":52}},"46":{"start":{"line":112,"column":0},"end":{"line":117,"column":2}}},"fnMap":{"0":{"name":"(anonymous_0)","decl":{"start":{"line":4,"column":21},"end":{"line":4,"column":22}},"loc":{"start":{"line":4,"column":29},"end":{"line":5,"column":49}},"line":4},"1":{"name":"(anonymous_1)","decl":{"start":{"line":4,"column":29},"end":{"line":4,"column":30}},"loc":{"start":{"line":5,"column":2},"end":{"line":5,"column":49}},"line":5},"2":{"name":"(anonymous_2)","decl":{"start":{"line":10,"column":30},"end":{"line":10,"column":31}},"loc":{"start":{"line":10,"column":50},"end":{"line":31,"column":1}},"line":10},"3":{"name":"(anonymous_3)","decl":{"start":{"line":37,"column":32},"end":{"line":37,"column":33}},"loc":{"start":{"line":37,"column":52},"end":{"line":56,"column":1}},"line":37},"4":{"name":"(anonymous_4)","decl":{"start":{"line":61,"column":32},"end":{"line":61,"column":33}},"loc":{"start":{"line":61,"column":52},"end":{"line":86,"column":1}},"line":61},"5":{"name":"(anonymous_5)","decl":{"start":{"line":91,"column":32},"end":{"line":91,"column":33}},"loc":{"start":{"line":91,"column":52},"end":{"line":110,"column":1}},"line":91}},"branchMap":{"0":{"loc":{"start":{"line":14,"column":2},"end":{"line":16,"column":3}},"type":"if","locations":[{"start":{"line":14,"column":2},"end":{"line":16,"column":3}},{"start":{},"end":{}}],"line":14},"1":{"loc":{"start":{"line":14,"column":6},"end":{"line":14,"column":64}},"type":"binary-expr","locations":[{"start":{"line":14,"column":6},"end":{"line":14,"column":12}},{"start":{"line":14,"column":17},"end":{"line":14,"column":37}},{"start":{"line":14,"column":41},"end":{"line":14,"column":63}}],"line":14},"2":{"loc":{"start":{"line":18,"column":2},"end":{"line":24,"column":3}},"type":"if","locations":[{"start":{"line":18,"column":2},"end":{"line":24,"column":3}},{"start":{},"end":{}}],"line":18},"3":{"loc":{"start":{"line":40,"column":2},"end":{"line":43,"column":3}},"type":"if","locations":[{"start":{"line":40,"column":2},"end":{"line":43,"column":3}},{"start":{},"end":{}}],"line":40},"4":{"loc":{"start":{"line":49,"column":13},"end":{"line":49,"column":28}},"type":"binary-expr","locations":[{"start":{"line":49,"column":13},"end":{"line":49,"column":20}},{"start":{"line":49,"column":24},"end":{"line":49,"column":28}}],"line":49},"5":{"loc":{"start":{"line":50,"column":12},"end":{"line":50,"column":31}},"type":"binary-expr","locations":[{"start":{"line":50,"column":12},"end":{"line":50,"column":18}},{"start":{"line":50,"column":22},"end":{"line":50,"column":31}}],"line":50},"6":{"loc":{"start":{"line":66,"column":2},"end":{"line":69,"column":3}},"type":"if","locations":[{"start":{"line":66,"column":2},"end":{"line":69,"column":3}},{"start":{},"end":{}}],"line":66},"7":{"loc":{"start":{"line":72,"column":2},"end":{"line":75,"column":3}},"type":"if","locations":[{"start":{"line":72,"column":2},"end":{"line":75,"column":3}},{"start":{},"end":{}}],"line":72},"8":{"loc":{"start":{"line":77,"column":15},"end":{"line":77,"column":34}},"type":"binary-expr","locations":[{"start":{"line":77,"column":15},"end":{"line":77,"column":20}},{"start":{"line":77,"column":24},"end":{"line":77,"column":34}}],"line":77},"9":{"loc":{"start":{"line":78,"column":21},"end":{"line":78,"column":52}},"type":"binary-expr","locations":[{"start":{"line":78,"column":21},"end":{"line":78,"column":32}},{"start":{"line":78,"column":36},"end":{"line":78,"column":52}}],"line":78},"10":{"loc":{"start":{"line":79,"column":17},"end":{"line":79,"column":40}},"type":"binary-expr","locations":[{"start":{"line":79,"column":17},"end":{"line":79,"column":24}},{"start":{"line":79,"column":28},"end":{"line":79,"column":40}}],"line":79},"11":{"loc":{"start":{"line":80,"column":16},"end":{"line":80,"column":37}},"type":"binary-expr","locations":[{"start":{"line":80,"column":16},"end":{"line":80,"column":22}},{"start":{"line":80,"column":26},"end":{"line":80,"column":37}}],"line":80},"12":{"loc":{"start":{"line":94,"column":2},"end":{"line":97,"column":3}},"type":"if","locations":[{"start":{"line":94,"column":2},"end":{"line":97,"column":3}},{"start":{},"end":{}}],"line":94},"13":{"loc":{"start":{"line":100,"column":2},"end":{"line":103,"column":3}},"type":"if","locations":[{"start":{"line":100,"column":2},"end":{"line":103,"column":3}},{"start":{},"end":{}}],"line":100}},"s":{"0":1,"1":1,"2":4,"3":9,"4":1,"5":2,"6":2,"7":2,"8":0,"9":2,"10":0,"11":2,"12":1,"13":1,"14":3,"15":3,"16":1,"17":1,"18":2,"19":2,"20":1,"21":1,"22":2,"23":2,"24":2,"25":1,"26":1,"27":1,"28":0,"29":0,"30":1,"31":1,"32":1,"33":1,"34":1,"35":1,"36":1,"37":2,"38":2,"39":0,"40":0,"41":2,"42":1,"43":1,"44":1,"45":1,"46":1},"f":{"0":4,"1":9,"2":2,"3":3,"4":2,"5":2},"b":{"0":[0,2],"1":[2,0,0],"2":[0,2],"3":[1,2],"4":[2,2],"5":[2,2],"6":[1,1],"7":[0,1],"8":[1,0],"9":[1,1],"10":[1,1],"11":[1,1],"12":[0,2],"13":[1,1]},"_coverageSchema":"1a1c01bbd47fc00a2c39e90264f33305004495a9","hash":"eb57bafd9b60b91b1945941675b27253f18ec468"}
,"C:\\Users\\HomePC\\TaskForgeProject\\task-manager-backend\\models\\Task.js": {"path":"C:\\Users\\HomePC\\TaskForgeProject\\task-manager-backend\\models\\Task.js","statementMap":{"0":{"start":{"line":2,"column":17},"end":{"line":2,"column":36}},"1":{"start":{"line":4,"column":19},"end":{"line":31,"column":2}},"2":{"start":{"line":33,"column":0},"end":{"line":33,"column":52}}},"fnMap":{},"branchMap":{},"s":{"0":1,"1":1,"2":1},"f":{},"b":{},"_coverageSchema":"1a1c01bbd47fc00a2c39e90264f33305004495a9","hash":"c94db42c31ff54f679f1403961c1203313d60fa6"}
}
