TN:
SF:controllers\tasks.js
FN:4,(anonymous_0)
FN:4,(anonymous_1)
FN:10,(anonymous_2)
FN:37,(anonymous_3)
FN:61,(anonymous_4)
FN:91,(anonymous_5)
FNF:6
FNH:6
FNDA:4,(anonymous_0)
FNDA:9,(anonymous_1)
FNDA:2,(anonymous_2)
FNDA:3,(anonymous_3)
FNDA:2,(anonymous_4)
FNDA:2,(anonymous_5)
DA:1,1
DA:4,4
DA:5,9
DA:10,1
DA:11,2
DA:12,2
DA:14,2
DA:15,0
DA:18,2
DA:20,0
DA:26,2
DA:30,1
DA:37,1
DA:38,3
DA:40,3
DA:41,1
DA:42,1
DA:45,2
DA:53,2
DA:55,1
DA:61,1
DA:62,2
DA:64,2
DA:66,2
DA:67,1
DA:68,1
DA:72,1
DA:73,0
DA:74,0
DA:77,1
DA:78,1
DA:79,1
DA:80,1
DA:82,1
DA:85,1
DA:91,1
DA:92,2
DA:94,2
DA:95,0
DA:96,0
DA:100,2
DA:101,1
DA:102,1
DA:106,1
DA:109,1
DA:112,1
LF:46
LH:40
BRDA:14,0,0,0
BRDA:14,0,1,2
BRDA:14,1,0,2
BRDA:14,1,1,0
BRDA:14,1,2,0
BRDA:18,2,0,0
BRDA:18,2,1,2
BRDA:40,3,0,1
BRDA:40,3,1,2
BRDA:49,4,0,2
BRDA:49,4,1,2
BRDA:50,5,0,2
BRDA:50,5,1,2
BRDA:66,6,0,1
BRDA:66,6,1,1
BRDA:72,7,0,0
BRDA:72,7,1,1
BRDA:77,8,0,1
BRDA:77,8,1,0
BRDA:78,9,0,1
BRDA:78,9,1,1
BRDA:79,10,0,1
BRDA:79,10,1,1
BRDA:80,11,0,1
BRDA:80,11,1,1
BRDA:94,12,0,0
BRDA:94,12,1,2
BRDA:100,13,0,1
BRDA:100,13,1,1
BRF:29
BRH:22
end_of_record
TN:
SF:models\Task.js
FNF:0
FNH:0
DA:2,1
DA:4,1
DA:33,1
LF:3
LH:3
BRF:0
BRH:0
end_of_record
